$TIME_COURSE(MEASURED)
  
*TIER(1):UYAB1901 y 5 TMEB419#SD LALD DAP                                       
  
@TRNO L#IR, L#SD LALD DAP   DAP   DAS                                                                                                                                               
5 0 0 0 0                                                                                                                                                                           
5 -99 69 275.8 140                                                                                                                                                                  
5 -99 70 232.8 140                                                                                                                                                                  
5 -99 24 181.4 140                                                                                                                                                                  
5 -99 120.8 382 140                                                                                                                                                                 
5 -99 -99 299.7 140                                                                                                                                                                 
5 0.14 -99 344.6 140                                                                                                                                                                
5 0.62 -99 300.3 140                                                                                                                                                                
5 0.52 -99 228.1 140                                                                                                                                                                
5 -99 -99 -99 140                                                                                                                                                                   
5 -99 -99 -99 140                                                                                                                                                                   
5 0.38 -99 217.8 140                                                                                                                                                                
5 0.62 -99 272.4 140                                                                                                                                                                
5 0.57 -99 215.7 140                                                                                                                                                                
5 0.62 -99 291.9 140                                                                                                                                                                
5 0.71 -99 290.6 140                                                                                                                                                                
5 0.67 -99 281.5 140                                                                                                                                                                
5 0.71 -99 276.4 140                                                                                                                                                                
5 0.71 -99 286.1 140                                                                                                                                                                
5 0.62 -99 219.5 140                                                                                                                                                                
5 0.57 -99 230.9 140                                                                                                                                                                
  
*TIER(1):UYAG1701 y 5 TMEB419#SD LALD DAP                                       
  
@TRNO L#IR, L#SD LALD DAP   DAP   DAS                                                                                                                                               
5 0 0 0 0                                                                                                                                                                           
5 -99 69 275.8 140                                                                                                                                                                  
5 -99 70 232.8 140                                                                                                                                                                  
5 -99 24 181.4 140                                                                                                                                                                  
5 -99 120.8 382 140                                                                                                                                                                 
5 -99 -99 299.7 140                                                                                                                                                                 
5 0.14 -99 344.6 140                                                                                                                                                                
5 0.62 -99 300.3 140                                                                                                                                                                
5 0.52 -99 228.1 140                                                                                                                                                                
5 -99 -99 -99 140                                                                                                                                                                   
5 -99 -99 -99 140                                                                                                                                                                   
5 0.38 -99 217.8 140                                                                                                                                                                
5 0.62 -99 272.4 140                                                                                                                                                                
5 0.57 -99 215.7 140                                                                                                                                                                
5 0.62 -99 291.9 140                                                                                                                                                                
5 0.71 -99 290.6 140                                                                                                                                                                
5 0.67 -99 281.5 140                                                                                                                                                                
5 0.71 -99 276.4 140                                                                                                                                                                
5 0.71 -99 286.1 140                                                                                                                                                                
5 0.62 -99 219.5 140                                                                                                                                                                
5 0.57 -99 230.9 140                                                                                                                                                                
  
*TIER(1):UYAG1801 y 5 TMEB419#SD LALD DAP                                       
  
@TRNO L#IR, L#SD LALD DAP   DAP   DAS                                                                                                                                               
5 0 0 0 0                                                                                                                                                                           
5 -99 69 275.8 140                                                                                                                                                                  
5 -99 70 232.8 140                                                                                                                                                                  
5 -99 24 181.4 140                                                                                                                                                                  
5 -99 120.8 382 140                                                                                                                                                                 
5 -99 -99 299.7 140                                                                                                                                                                 
5 0.14 -99 344.6 140                                                                                                                                                                
5 0.62 -99 300.3 140                                                                                                                                                                
5 0.52 -99 228.1 140                                                                                                                                                                
5 -99 -99 -99 140                                                                                                                                                                   
5 -99 -99 -99 140                                                                                                                                                                   
5 0.38 -99 217.8 140                                                                                                                                                                
5 0.62 -99 272.4 140                                                                                                                                                                
5 0.57 -99 215.7 140                                                                                                                                                                
5 0.62 -99 291.9 140                                                                                                                                                                
5 0.71 -99 290.6 140                                                                                                                                                                
5 0.67 -99 281.5 140                                                                                                                                                                
5 0.71 -99 276.4 140                                                                                                                                                                
5 0.71 -99 286.1 140                                                                                                                                                                
5 0.62 -99 219.5 140                                                                                                                                                                
5 0.57 -99 230.9 140                                                                                                                                                                
  
*TIER(1):UYAG1901 y 5 TMEB419#SD LALD DAP                                       
  
@TRNO L#IR, L#SD LALD DAP   DAP   DAS                                                                                                                                               
5 0 0 0 0                                                                                                                                                                           
5 -99 69 275.8 140                                                                                                                                                                  
5 -99 70 232.8 140                                                                                                                                                                  
5 -99 24 181.4 140                                                                                                                                                                  
5 -99 120.8 382 140                                                                                                                                                                 
5 -99 -99 299.7 140                                                                                                                                                                 
5 0.14 -99 344.6 140                                                                                                                                                                
5 0.62 -99 300.3 140                                                                                                                                                                
5 0.52 -99 228.1 140                                                                                                                                                                
5 -99 -99 -99 140                                                                                                                                                                   
5 -99 -99 -99 140                                                                                                                                                                   
5 0.38 -99 217.8 140                                                                                                                                                                
5 0.62 -99 272.4 140                                                                                                                                                                
5 0.57 -99 215.7 140                                                                                                                                                                
5 0.62 -99 291.9 140                                                                                                                                                                
5 0.71 -99 290.6 140                                                                                                                                                                
5 0.67 -99 281.5 140                                                                                                                                                                
5 0.71 -99 276.4 140                                                                                                                                                                
5 0.71 -99 286.1 140                                                                                                                                                                
5 0.62 -99 219.5 140                                                                                                                                                                
5 0.57 -99 230.9 140                                                                                                                                                                
  
*TIER(1):UYIB1801 y 5 TMEB419#SD LALD DAP                                       
  
@TRNO L#IR, L#SD LALD DAP   DAP   DAS                                                                                                                                               
5 0 0 0 0                                                                                                                                                                           
5 -99 69 275.8 140                                                                                                                                                                  
5 -99 70 232.8 140                                                                                                                                                                  
5 -99 24 181.4 140                                                                                                                                                                  
5 -99 120.8 382 140                                                                                                                                                                 
5 -99 -99 299.7 140                                                                                                                                                                 
5 0.14 -99 344.6 140                                                                                                                                                                
5 0.62 -99 300.3 140                                                                                                                                                                
5 0.52 -99 228.1 140                                                                                                                                                                
5 -99 -99 -99 140                                                                                                                                                                   
5 -99 -99 -99 140                                                                                                                                                                   
5 0.38 -99 217.8 140                                                                                                                                                                
5 0.62 -99 272.4 140                                                                                                                                                                
5 0.57 -99 215.7 140                                                                                                                                                                
5 0.62 -99 291.9 140                                                                                                                                                                
5 0.71 -99 290.6 140                                                                                                                                                                
5 0.67 -99 281.5 140                                                                                                                                                                
5 0.71 -99 276.4 140                                                                                                                                                                
5 0.71 -99 286.1 140                                                                                                                                                                
5 0.62 -99 219.5 140                                                                                                                                                                
5 0.57 -99 230.9 140                                                                                                                                                                
  
*TIER(1):UYIB1901 y 5 TMEB419#SD LALD DAP                                       
  
@TRNO L#IR, L#SD LALD DAP   DAP   DAS                                                                                                                                               
5 0 0 0 0                                                                                                                                                                           
5 -99 69 275.8 140                                                                                                                                                                  
5 -99 70 232.8 140                                                                                                                                                                  
5 -99 24 181.4 140                                                                                                                                                                  
5 -99 120.8 382 140                                                                                                                                                                 
5 -99 -99 299.7 140                                                                                                                                                                 
5 0.14 -99 344.6 140                                                                                                                                                                
5 0.62 -99 300.3 140                                                                                                                                                                
5 0.52 -99 228.1 140                                                                                                                                                                
5 -99 -99 -99 140                                                                                                                                                                   
5 -99 -99 -99 140                                                                                                                                                                   
5 0.38 -99 217.8 140                                                                                                                                                                
5 0.62 -99 272.4 140                                                                                                                                                                
5 0.57 -99 215.7 140                                                                                                                                                                
5 0.62 -99 291.9 140                                                                                                                                                                
5 0.71 -99 290.6 140                                                                                                                                                                
5 0.67 -99 281.5 140                                                                                                                                                                
5 0.71 -99 276.4 140                                                                                                                                                                
5 0.71 -99 286.1 140                                                                                                                                                                
5 0.62 -99 219.5 140                                                                                                                                                                
5 0.57 -99 230.9 140                                                                                                                                                                
  
*TIER(1):UYIK1701 y 5 TMEB419#SD LALD DAP                                       
  
@TRNO L#IR, L#SD LALD DAP   DAP   DAS                                                                                                                                               
5 0 0 0 0                                                                                                                                                                           
5 -99 69 275.8 140                                                                                                                                                                  
5 -99 70 232.8 140                                                                                                                                                                  
5 -99 24 181.4 140                                                                                                                                                                  
5 -99 120.8 382 140                                                                                                                                                                 
5 -99 -99 299.7 140                                                                                                                                                                 
5 0.14 -99 344.6 140                                                                                                                                                                
5 0.62 -99 300.3 140                                                                                                                                                                
5 0.52 -99 228.1 140                                                                                                                                                                
5 -99 -99 -99 140                                                                                                                                                                   
5 -99 -99 -99 140                                                                                                                                                                   
5 0.38 -99 217.8 140                                                                                                                                                                
5 0.62 -99 272.4 140                                                                                                                                                                
5 0.57 -99 215.7 140                                                                                                                                                                
5 0.62 -99 291.9 140                                                                                                                                                                
5 0.71 -99 290.6 140                                                                                                                                                                
5 0.67 -99 281.5 140                                                                                                                                                                
5 0.71 -99 276.4 140                                                                                                                                                                
5 0.71 -99 286.1 140                                                                                                                                                                
5 0.62 -99 219.5 140                                                                                                                                                                
5 0.57 -99 230.9 140                                                                                                                                                                
  
*TIER(1):UYIK1801 y 5 TMEB419#SD LALD DAP                                       
  
@TRNO L#IR, L#SD LALD DAP   DAP   DAS                                                                                                                                               
5 0 0 0 0                                                                                                                                                                           
5 -99 69 275.8 140                                                                                                                                                                  
5 -99 70 232.8 140                                                                                                                                                                  
5 -99 24 181.4 140                                                                                                                                                                  
5 -99 120.8 382 140                                                                                                                                                                 
5 -99 -99 299.7 140                                                                                                                                                                 
5 0.14 -99 344.6 140                                                                                                                                                                
5 0.62 -99 300.3 140                                                                                                                                                                
5 0.52 -99 228.1 140                                                                                                                                                                
5 -99 -99 -99 140                                                                                                                                                                   
5 -99 -99 -99 140                                                                                                                                                                   
5 0.38 -99 217.8 140                                                                                                                                                                
5 0.62 -99 272.4 140                                                                                                                                                                
5 0.57 -99 215.7 140                                                                                                                                                                
5 0.62 -99 291.9 140                                                                                                                                                                
5 0.71 -99 290.6 140                                                                                                                                                                
5 0.67 -99 281.5 140                                                                                                                                                                
5 0.71 -99 276.4 140                                                                                                                                                                
5 0.71 -99 286.1 140                                                                                                                                                                
5 0.62 -99 219.5 140                                                                                                                                                                
5 0.57 -99 230.9 140                                                                                                                                                                
  
*TIER(1):UYIK1901 y 5 TMEB419#SD LALD DAP                                       
  
@TRNO L#IR, L#SD LALD DAP   DAP   DAS                                                                                                                                               
5 0 0 0 0                                                                                                                                                                           
5 -99 69 275.8 140                                                                                                                                                                  
5 -99 70 232.8 140                                                                                                                                                                  
5 -99 24 181.4 140                                                                                                                                                                  
5 -99 120.8 382 140                                                                                                                                                                 
5 -99 -99 299.7 140                                                                                                                                                                 
5 0.14 -99 344.6 140                                                                                                                                                                
5 0.62 -99 300.3 140                                                                                                                                                                
5 0.52 -99 228.1 140                                                                                                                                                                
5 -99 -99 -99 140                                                                                                                                                                   
5 -99 -99 -99 140                                                                                                                                                                   
5 0.38 -99 217.8 140                                                                                                                                                                
5 0.62 -99 272.4 140                                                                                                                                                                
5 0.57 -99 215.7 140                                                                                                                                                                
5 0.62 -99 291.9 140                                                                                                                                                                
5 0.71 -99 290.6 140                                                                                                                                                                
5 0.67 -99 281.5 140                                                                                                                                                                
5 0.71 -99 276.4 140                                                                                                                                                                
5 0.71 -99 286.1 140                                                                                                                                                                
5 0.62 -99 219.5 140                                                                                                                                                                
5 0.57 -99 230.9 140                                                                                                                                                                
  
*TIER(1):UYKA1801 y 5 TMEB419#SD LALD DAP                                       
  
@TRNO L#IR, L#SD LALD DAP   DAP   DAS                                                                                                                                               
5 0 0 0 0                                                                                                                                                                           
5 -99 69 275.8 140                                                                                                                                                                  
5 -99 70 232.8 140                                                                                                                                                                  
5 -99 24 181.4 140                                                                                                                                                                  
5 -99 120.8 382 140                                                                                                                                                                 
5 -99 -99 299.7 140                                                                                                                                                                 
5 0.14 -99 344.6 140                                                                                                                                                                
5 0.62 -99 300.3 140                                                                                                                                                                
5 0.52 -99 228.1 140                                                                                                                                                                
5 -99 -99 -99 140                                                                                                                                                                   
5 -99 -99 -99 140                                                                                                                                                                   
5 0.38 -99 217.8 140                                                                                                                                                                
5 0.62 -99 272.4 140                                                                                                                                                                
5 0.57 -99 215.7 140                                                                                                                                                                
5 0.62 -99 291.9 140                                                                                                                                                                
5 0.71 -99 290.6 140                                                                                                                                                                
5 0.67 -99 281.5 140                                                                                                                                                                
5 0.71 -99 276.4 140                                                                                                                                                                
5 0.71 -99 286.1 140                                                                                                                                                                
5 0.62 -99 219.5 140                                                                                                                                                                
5 0.57 -99 230.9 140                                                                                                                                                                
  
*TIER(1):UYMO1701 y 5 TMEB419#SD LALD DAP                                       
  
@TRNO L#IR, L#SD LALD DAP   DAP   DAS                                                                                                                                               
5 0 0 0 0                                                                                                                                                                           
5 -99 69 275.8 140                                                                                                                                                                  
5 -99 70 232.8 140                                                                                                                                                                  
5 -99 24 181.4 140                                                                                                                                                                  
5 -99 120.8 382 140                                                                                                                                                                 
5 -99 -99 299.7 140                                                                                                                                                                 
5 0.14 -99 344.6 140                                                                                                                                                                
5 0.62 -99 300.3 140                                                                                                                                                                
5 0.52 -99 228.1 140                                                                                                                                                                
5 -99 -99 -99 140                                                                                                                                                                   
5 -99 -99 -99 140                                                                                                                                                                   
5 0.38 -99 217.8 140                                                                                                                                                                
5 0.62 -99 272.4 140                                                                                                                                                                
5 0.57 -99 215.7 140                                                                                                                                                                
5 0.62 -99 291.9 140                                                                                                                                                                
5 0.71 -99 290.6 140                                                                                                                                                                
5 0.67 -99 281.5 140                                                                                                                                                                
5 0.71 -99 276.4 140                                                                                                                                                                
5 0.71 -99 286.1 140                                                                                                                                                                
5 0.62 -99 219.5 140                                                                                                                                                                
5 0.57 -99 230.9 140                                                                                                                                                                
  
*TIER(1):UYMO1801 y 5 TMEB419#SD LALD DAP                                       
  
@TRNO L#IR, L#SD LALD DAP   DAP   DAS                                                                                                                                               
5 0 0 0 0                                                                                                                                                                           
5 -99 69 275.8 140                                                                                                                                                                  
5 -99 70 232.8 140                                                                                                                                                                  
5 -99 24 181.4 140                                                                                                                                                                  
5 -99 120.8 382 140                                                                                                                                                                 
5 -99 -99 299.7 140                                                                                                                                                                 
5 0.14 -99 344.6 140                                                                                                                                                                
5 0.62 -99 300.3 140                                                                                                                                                                
5 0.52 -99 228.1 140                                                                                                                                                                
5 -99 -99 -99 140                                                                                                                                                                   
5 -99 -99 -99 140                                                                                                                                                                   
5 0.38 -99 217.8 140                                                                                                                                                                
5 0.62 -99 272.4 140                                                                                                                                                                
5 0.57 -99 215.7 140                                                                                                                                                                
5 0.62 -99 291.9 140                                                                                                                                                                
5 0.71 -99 290.6 140                                                                                                                                                                
5 0.67 -99 281.5 140                                                                                                                                                                
5 0.71 -99 276.4 140                                                                                                                                                                
5 0.71 -99 286.1 140                                                                                                                                                                
5 0.62 -99 219.5 140                                                                                                                                                                
5 0.57 -99 230.9 140                                                                                                                                                                
  
*TIER(1):UYMO1901 y 5 TMEB419#SD LALD DAP                                       
  
@TRNO L#IR, L#SD LALD DAP   DAP   DAS                                                                                                                                               
5 0 0 0 0                                                                                                                                                                           
5 -99 69 275.8 140                                                                                                                                                                  
5 -99 70 232.8 140                                                                                                                                                                  
5 -99 24 181.4 140                                                                                                                                                                  
5 -99 120.8 382 140                                                                                                                                                                 
5 -99 -99 299.7 140                                                                                                                                                                 
5 0.14 -99 344.6 140                                                                                                                                                                
5 0.62 -99 300.3 140                                                                                                                                                                
5 0.52 -99 228.1 140                                                                                                                                                                
5 -99 -99 -99 140                                                                                                                                                                   
5 -99 -99 -99 140                                                                                                                                                                   
5 0.38 -99 217.8 140                                                                                                                                                                
5 0.62 -99 272.4 140                                                                                                                                                                
5 0.57 -99 215.7 140                                                                                                                                                                
5 0.62 -99 291.9 140                                                                                                                                                                
5 0.71 -99 290.6 140                                                                                                                                                                
5 0.67 -99 281.5 140                                                                                                                                                                
5 0.71 -99 276.4 140                                                                                                                                                                
5 0.71 -99 286.1 140                                                                                                                                                                
5 0.62 -99 219.5 140                                                                                                                                                                
5 0.57 -99 230.9 140                                                                                                                                                                
  
*TIER(1):UYON1801 y 5 TMEB419#SD LALD DAP                                       
  
@TRNO L#IR, L#SD LALD DAP   DAP   DAS                                                                                                                                               
5 0 0 0 0                                                                                                                                                                           
5 -99 69 275.8 140                                                                                                                                                                  
5 -99 70 232.8 140                                                                                                                                                                  
5 -99 24 181.4 140                                                                                                                                                                  
5 -99 120.8 382 140                                                                                                                                                                 
5 -99 -99 299.7 140                                                                                                                                                                 
5 0.14 -99 344.6 140                                                                                                                                                                
5 0.62 -99 300.3 140                                                                                                                                                                
5 0.52 -99 228.1 140                                                                                                                                                                
5 -99 -99 -99 140                                                                                                                                                                   
5 -99 -99 -99 140                                                                                                                                                                   
5 0.38 -99 217.8 140                                                                                                                                                                
5 0.62 -99 272.4 140                                                                                                                                                                
5 0.57 -99 215.7 140                                                                                                                                                                
5 0.62 -99 291.9 140                                                                                                                                                                
5 0.71 -99 290.6 140                                                                                                                                                                
5 0.67 -99 281.5 140                                                                                                                                                                
5 0.71 -99 276.4 140                                                                                                                                                                
5 0.71 -99 286.1 140                                                                                                                                                                
5 0.62 -99 219.5 140                                                                                                                                                                
5 0.57 -99 230.9 140                                                                                                                                                                
  
*TIER(1):UYON1901 y 5 TMEB419#SD LALD DAP                                       
  
@TRNO L#IR, L#SD LALD DAP   DAP   DAS                                                                                                                                               
5 0 0 0 0                                                                                                                                                                           
5 -99 69 275.8 140                                                                                                                                                                  
5 -99 70 232.8 140                                                                                                                                                                  
5 -99 24 181.4 140                                                                                                                                                                  
5 -99 120.8 382 140                                                                                                                                                                 
5 -99 -99 299.7 140                                                                                                                                                                 
5 0.14 -99 344.6 140                                                                                                                                                                
5 0.62 -99 300.3 140                                                                                                                                                                
5 0.52 -99 228.1 140                                                                                                                                                                
5 -99 -99 -99 140                                                                                                                                                                   
5 -99 -99 -99 140                                                                                                                                                                   
5 0.38 -99 217.8 140                                                                                                                                                                
5 0.62 -99 272.4 140                                                                                                                                                                
5 0.57 -99 215.7 140                                                                                                                                                                
5 0.62 -99 291.9 140                                                                                                                                                                
5 0.71 -99 290.6 140                                                                                                                                                                
5 0.67 -99 281.5 140                                                                                                                                                                
5 0.71 -99 276.4 140                                                                                                                                                                
5 0.71 -99 286.1 140                                                                                                                                                                
5 0.62 -99 219.5 140                                                                                                                                                                
5 0.57 -99 230.9 140                                                                                                                                                                
  
*TIER(1):UYOT1801 y 5 TMEB419#SD LALD DAP                                       
  
@TRNO L#IR, L#SD LALD DAP   DAP   DAS                                                                                                                                               
5 0 0 0 0                                                                                                                                                                           
5 -99 69 275.8 140                                                                                                                                                                  
5 -99 70 232.8 140                                                                                                                                                                  
5 -99 24 181.4 140                                                                                                                                                                  
5 -99 120.8 382 140                                                                                                                                                                 
5 -99 -99 299.7 140                                                                                                                                                                 
5 0.14 -99 344.6 140                                                                                                                                                                
5 0.62 -99 300.3 140                                                                                                                                                                
5 0.52 -99 228.1 140                                                                                                                                                                
5 -99 -99 -99 140                                                                                                                                                                   
5 -99 -99 -99 140                                                                                                                                                                   
5 0.38 -99 217.8 140                                                                                                                                                                
5 0.62 -99 272.4 140                                                                                                                                                                
5 0.57 -99 215.7 140                                                                                                                                                                
5 0.62 -99 291.9 140                                                                                                                                                                
5 0.71 -99 290.6 140                                                                                                                                                                
5 0.67 -99 281.5 140                                                                                                                                                                
5 0.71 -99 276.4 140                                                                                                                                                                
5 0.71 -99 286.1 140                                                                                                                                                                
5 0.62 -99 219.5 140                                                                                                                                                                
5 0.57 -99 230.9 140                                                                                                                                                                
  
*TIER(1):UYUB1901 y 5 TMEB419#SD LALD DAP                                       
  
@TRNO L#IR, L#SD LALD DAP   DAP   DAS                                                                                                                                               
5 0 0 0 0                                                                                                                                                                           
5 -99 69 275.8 140                                                                                                                                                                  
5 -99 70 232.8 140                                                                                                                                                                  
5 -99 24 181.4 140                                                                                                                                                                  
5 -99 120.8 382 140                                                                                                                                                                 
5 -99 -99 299.7 140                                                                                                                                                                 
5 0.14 -99 344.6 140                                                                                                                                                                
5 0.62 -99 300.3 140                                                                                                                                                                
5 0.52 -99 228.1 140                                                                                                                                                                
5 -99 -99 -99 140                                                                                                                                                                   
5 -99 -99 -99 140                                                                                                                                                                   
5 0.38 -99 217.8 140                                                                                                                                                                
5 0.62 -99 272.4 140                                                                                                                                                                
5 0.57 -99 215.7 140                                                                                                                                                                
5 0.62 -99 291.9 140                                                                                                                                                                
5 0.71 -99 290.6 140                                                                                                                                                                
5 0.67 -99 281.5 140                                                                                                                                                                
5 0.71 -99 276.4 140                                                                                                                                                                
5 0.71 -99 286.1 140                                                                                                                                                                
5 0.62 -99 219.5 140                                                                                                                                                                
5 0.57 -99 230.9 140                                                                                                                                                                
  
*TIER(1):UYUM1801 y 5 TMEB419#SD LALD DAP                                       
  
@TRNO L#IR, L#SD LALD DAP   DAP   DAS                                                                                                                                               
5 0 0 0 0                                                                                                                                                                           
5 -99 69 275.8 140                                                                                                                                                                  
5 -99 70 232.8 140                                                                                                                                                                  
5 -99 24 181.4 140                                                                                                                                                                  
5 -99 120.8 382 140                                                                                                                                                                 
5 -99 -99 299.7 140                                                                                                                                                                 
5 0.14 -99 344.6 140                                                                                                                                                                
5 0.62 -99 300.3 140                                                                                                                                                                
5 0.52 -99 228.1 140                                                                                                                                                                
5 -99 -99 -99 140                                                                                                                                                                   
5 -99 -99 -99 140                                                                                                                                                                   
5 0.38 -99 217.8 140                                                                                                                                                                
5 0.62 -99 272.4 140                                                                                                                                                                
5 0.57 -99 215.7 140                                                                                                                                                                
5 0.62 -99 291.9 140                                                                                                                                                                
5 0.71 -99 290.6 140                                                                                                                                                                
5 0.67 -99 281.5 140                                                                                                                                                                
5 0.71 -99 276.4 140                                                                                                                                                                
5 0.71 -99 286.1 140                                                                                                                                                                
5 0.62 -99 219.5 140                                                                                                                                                                
5 0.57 -99 230.9 140                                                                                                                                                                
  
*TIER(1):UYZA1901 y 5 TMEB419#SD LALD DAP                                       
  
@TRNO L#IR, L#SD LALD DAP   DAP   DAS                                                                                                                                               
5 0 0 0 0                                                                                                                                                                           
5 -99 69 275.8 140                                                                                                                                                                  
5 -99 70 232.8 140                                                                                                                                                                  
5 -99 24 181.4 140                                                                                                                                                                  
5 -99 120.8 382 140                                                                                                                                                                 
5 -99 -99 299.7 140                                                                                                                                                                 
5 0.14 -99 344.6 140                                                                                                                                                                
5 0.62 -99 300.3 140                                                                                                                                                                
5 0.52 -99 228.1 140                                                                                                                                                                
5 -99 -99 -99 140                                                                                                                                                                   
5 -99 -99 -99 140                                                                                                                                                                   
5 0.38 -99 217.8 140                                                                                                                                                                
5 0.62 -99 272.4 140                                                                                                                                                                
5 0.57 -99 215.7 140                                                                                                                                                                
5 0.62 -99 291.9 140                                                                                                                                                                
5 0.71 -99 290.6 140                                                                                                                                                                
5 0.67 -99 281.5 140                                                                                                                                                                
5 0.71 -99 276.4 140                                                                                                                                                                
5 0.71 -99 286.1 140                                                                                                                                                                
5 0.62 -99 219.5 140                                                                                                                                                                
5 0.57 -99 230.9 140                                                                                                                                                                
