 NREP  EXP  TRT  NYR FILEX        DESCRIPTION
    1    1    1    1 UYAB1901.CSX
    2    2    1    1 UYAG1701.CSX
    3    3    1    1 UYAG1801.CSX
    4    4    1    1 UYAG1901.CSX
    5    5    1    1 UYIB1701.CSX
    6    6    1    1 UYIB1801.CSX
    7    7    1    1 UYIB1901.CSX
    8    8    1    1 UYIB2001.CSX
    9    9    1    1 UYIK1701.CSX
   10   10    1    1 UYIK1801.CSX
   11   11    1    1 UYIK1901.CSX
   12   12    1    1 UYKA1801.CSX
   13   13    1    1 UYMO1701.CSX
   14   14    1    1 UYMO1801.CSX
   15   15    1    1 UYMO1901.CSX
   16   16    1    1 UYON1801.CSX
   17   17    1    1 UYOT1801.CSX
   18   18    1    1 UYUB1901.CSX
   19   19    1    1 UYUM1801.CSX
   20   20    1    1 UYZA1901.CSX
